<?xml version="1.0" encoding="UTF-8"?>
<!-- Generated by org.testng.reporters.JUnitReportReporter -->
<testsuite skipped="0" hostname="andrey-Lenovo-Z580" name="Tests.BrokenImagesTest" tests="1" failures="0" timestamp="2020-01-22T12:13:49 IST" time="2.335" errors="0">
  <testcase name="test" time="2.335" classname="Tests.BrokenImagesTest"/>
</testsuite> <!-- Tests.BrokenImagesTest -->
