<?xml version="1.0" encoding="UTF-8"?>
<!-- Generated by org.testng.reporters.JUnitReportReporter -->
<testsuite skipped="0" hostname="WIN-6INJRAB8CQ2" name="Tests.AddRemoverTest" tests="1" failures="0" timestamp="2019-12-26T12:10:04 IST" time="28.180" errors="0">
  <testcase name="test" time="28.180" classname="Tests.AddRemoverTest"/>
</testsuite> <!-- Tests.AddRemoverTest -->
