<?xml version="1.0" encoding="UTF-8"?>
<!-- Generated by org.testng.reporters.JUnitReportReporter -->
<testsuite skipped="0" hostname="WIN-6INJRAB8CQ2" name="AddRemoverTest" tests="1" failures="0" timestamp="2019-12-25T12:19:44 IST" time="30.985" errors="0">
  <testcase name="test" time="30.985" classname="AddRemoverTest"/>
</testsuite> <!-- AddRemoverTest -->
