<?xml version="1.0" encoding="UTF-8"?>
<!-- Generated by org.testng.reporters.JUnitReportReporter -->
<testsuite skipped="0" hostname="WIN-6INJRAB8CQ2" name="BasicAuthMySqlTest" tests="1" failures="0" timestamp="2019-12-25T16:03:41 IST" time="0.696" errors="0">
  <testcase name="test" time="0.696" classname="BasicAuthMySqlTest"/>
</testsuite> <!-- BasicAuthMySqlTest -->
