<?xml version="1.0" encoding="UTF-8"?>
<!-- Generated by org.testng.reporters.JUnitReportReporter -->
<testsuite skipped="0" hostname="andrey-Lenovo-Z580" name="Tests.ABbuttonTest2" tests="1" failures="0" timestamp="2020-01-22T11:40:04 IST" time="0.055" errors="0">
  <testcase name="test" time="0.055" classname="Tests.ABbuttonTest2"/>
</testsuite> <!-- Tests.ABbuttonTest2 -->
