<?xml version="1.0" encoding="UTF-8"?>
<!-- Generated by org.testng.reporters.JUnitReportReporter -->
<testsuite skipped="0" hostname="WIN-6INJRAB8CQ2" name="ChallengingDomTest" tests="1" failures="0" timestamp="2019-12-25T20:18:50 IST" time="2.547" errors="0">
  <testcase name="test" time="2.547" classname="ChallengingDomTest"/>
</testsuite> <!-- ChallengingDomTest -->
