<?xml version="1.0" encoding="UTF-8"?>
<!-- Generated by org.testng.reporters.JUnitReportReporter -->
<testsuite skipped="0" hostname="WIN-6INJRAB8CQ2" name="CheckboxesTest" tests="1" failures="0" timestamp="2019-12-26T10:18:59 IST" time="1.737" errors="0">
  <testcase name="test" time="1.737" classname="CheckboxesTest"/>
</testsuite> <!-- CheckboxesTest -->
