<?xml version="1.0" encoding="UTF-8"?>
<!-- Generated by org.testng.reporters.JUnitReportReporter -->
<testsuite skipped="0" hostname="andrey-Lenovo-Z580" name="Tests.CheckboxesTest" tests="1" failures="0" timestamp="2020-01-22T12:23:24 IST" time="2.496" errors="0">
  <testcase name="test" time="2.496" classname="Tests.CheckboxesTest"/>
</testsuite> <!-- Tests.CheckboxesTest -->
